# Logfile created on 2016-05-26 13:16:44 -0500 by logger.rb/47272
  INFO ---------------------------------------------------------------------------
  INFO START 2016-05-26 13:16:44 -0500 cap production deploy:initial
  INFO ---------------------------------------------------------------------------
 DEBUG [0d92e347] Running [ -d ~/.rvm ] on 162.243.98.113
 DEBUG [0d92e347] Command: [ -d ~/.rvm ]
  INFO ---------------------------------------------------------------------------
  INFO START 2016-05-26 13:19:15 -0500 cap production deploy:initial
  INFO ---------------------------------------------------------------------------
 DEBUG [8b374725] Running [ -d ~/.rvm ] on 162.243.98.113
 DEBUG [8b374725] Command: [ -d ~/.rvm ]
  INFO ---------------------------------------------------------------------------
  INFO START 2016-05-26 13:31:14 -0500 cap production deploy:initial
  INFO ---------------------------------------------------------------------------
 DEBUG [266fbd48] Running [ -d ~/.rvm ] on 162.243.98.113
 DEBUG [266fbd48] Command: [ -d ~/.rvm ]
  INFO ---------------------------------------------------------------------------
  INFO START 2016-05-26 13:33:08 -0500 cap production deploy
  INFO ---------------------------------------------------------------------------
 DEBUG [0f443e9b] Running [ -d ~/.rvm ] on 162.243.98.113
 DEBUG [0f443e9b] Command: [ -d ~/.rvm ]
  INFO ---------------------------------------------------------------------------
  INFO START 2016-05-26 15:20:41 -0500 cap production deploy:initial
  INFO ---------------------------------------------------------------------------
 DEBUG [071ceeed] Running [ -d ~/.rvm ] on 162.243.98.113
 DEBUG [071ceeed] Command: [ -d ~/.rvm ]
